<?xml version="1.0" encoding="UTF-8"?>
<testng-results skipped="0" failed="0" ignored="1" total="2" passed="1">
  <reporter-output>
  </reporter-output>
  <suite name="Default suite" duration-ms="16" started-at="2019-01-08T08:42:53Z" finished-at="2019-01-08T08:42:53Z">
    <groups>
    </groups>
    <test name="Default test" duration-ms="16" started-at="2019-01-08T08:42:53Z" finished-at="2019-01-08T08:42:53Z">
      <class name="firstdemo.Demo2">
        <test-method status="PASS" signature="bsuite()[pri:0, instance:firstdemo.Demo2@2ef5e5e3]" name="bsuite" is-config="true" duration-ms="6" started-at="2019-01-08T08:42:53Z" finished-at="2019-01-08T08:42:53Z">
          <reporter-output>
          </reporter-output>
        </test-method> <!-- bsuite -->
        <test-method status="PASS" signature="testcase2()[pri:0, instance:firstdemo.Demo2@2ef5e5e3]" name="testcase2" duration-ms="16" started-at="2019-01-08T08:42:53Z" finished-at="2019-01-08T08:42:53Z">
          <reporter-output>
          </reporter-output>
        </test-method> <!-- testcase2 -->
        <test-method status="PASS" signature="btest()[pri:0, instance:firstdemo.Demo2@2ef5e5e3]" name="btest" is-config="true" duration-ms="0" started-at="2019-01-08T08:42:53Z" finished-at="2019-01-08T08:42:53Z">
          <reporter-output>
          </reporter-output>
        </test-method> <!-- btest -->
        <test-method status="PASS" signature="bclass()[pri:0, instance:firstdemo.Demo2@2ef5e5e3]" name="bclass" is-config="true" duration-ms="0" started-at="2019-01-08T08:42:53Z" finished-at="2019-01-08T08:42:53Z">
          <reporter-output>
          </reporter-output>
        </test-method> <!-- bclass -->
        <test-method status="PASS" signature="aclass()[pri:0, instance:firstdemo.Demo2@2ef5e5e3]" name="aclass" is-config="true" duration-ms="0" started-at="2019-01-08T08:42:53Z" finished-at="2019-01-08T08:42:53Z">
          <reporter-output>
          </reporter-output>
        </test-method> <!-- aclass -->
        <test-method status="PASS" signature="atest()[pri:0, instance:firstdemo.Demo2@2ef5e5e3]" name="atest" is-config="true" duration-ms="0" started-at="2019-01-08T08:42:53Z" finished-at="2019-01-08T08:42:53Z">
          <reporter-output>
          </reporter-output>
        </test-method> <!-- atest -->
        <test-method status="PASS" signature="asuite()[pri:0, instance:firstdemo.Demo2@2ef5e5e3]" name="asuite" is-config="true" duration-ms="0" started-at="2019-01-08T08:42:53Z" finished-at="2019-01-08T08:42:53Z">
          <reporter-output>
          </reporter-output>
        </test-method> <!-- asuite -->
      </class> <!-- firstdemo.Demo2 -->
    </test> <!-- Default test -->
  </suite> <!-- Default suite -->
</testng-results>
