<?xml version="1.0" encoding="UTF-8"?>
<!-- Generated by org.testng.reporters.JUnitXMLReporter -->
<testsuite hostname="BLR1-LHP-N61317" ignored="1" name="Test" tests="5" failures="0" timestamp="08 Jan 2019 08:40:54 GMT" time="0.031" errors="0">
  <testcase name="testcase1" time="0.0" classname="firstdemo.Demo1"/>
  <testcase name="testcase2" time="0.0" classname="firstdemo.Demo1"/>
  <testcase name="testcase2" time="0.0" classname="firstdemo.Demo2"/>
  <testcase name="testcase1" time="0.016" classname="firstdemo.Demo3"/>
  <testcase name="testcase2" time="0.0" classname="firstdemo.Demo3"/>
  <testcase name="testcase1" time="0.0" classname="firstdemo.Demo2">
    <ignored/>
  </testcase> <!-- testcase1 -->
</testsuite> <!-- Test -->
